0 info it worked if it ends with ok
1 verbose cli [ '/Users/gustavlindberg/.nvm/versions/node/v6.9.1/bin/node',
1 verbose cli   '/Users/gustavlindberg/.nvm/versions/node/v6.9.1/bin/npm',
1 verbose cli   'publish' ]
2 info using npm@3.10.8
3 info using node@v6.9.1
4 verbose publish [ '.' ]
5 silly cache add args [ '.', null ]
6 verbose cache add spec .
7 silly cache add parsed spec Result {
7 silly cache add   raw: '.',
7 silly cache add   scope: null,
7 silly cache add   escapedName: null,
7 silly cache add   name: null,
7 silly cache add   rawSpec: '.',
7 silly cache add   spec: '/Users/gustavlindberg/code/storybook-addon-markdown',
7 silly cache add   type: 'directory' }
8 verbose addLocalDirectory /Users/gustavlindberg/.npm/storybook-addon-markdown/2.0.0/package.tgz not in flight; packing
9 verbose correctMkdir /Users/gustavlindberg/.npm correctMkdir not in flight; initializing
10 info lifecycle storybook-addon-markdown@2.0.0~prepublish: storybook-addon-markdown@2.0.0
11 silly lifecycle storybook-addon-markdown@2.0.0~prepublish: no script for prepublish, continuing
12 verbose tar pack [ '/Users/gustavlindberg/.npm/storybook-addon-markdown/2.0.0/package.tgz',
12 verbose tar pack   '/Users/gustavlindberg/code/storybook-addon-markdown' ]
13 verbose tarball /Users/gustavlindberg/.npm/storybook-addon-markdown/2.0.0/package.tgz
14 verbose folder /Users/gustavlindberg/code/storybook-addon-markdown
15 verbose addLocalTarball adding from inside cache /Users/gustavlindberg/.npm/storybook-addon-markdown/2.0.0/package.tgz
16 verbose correctMkdir /Users/gustavlindberg/.npm correctMkdir not in flight; initializing
17 silly cache afterAdd storybook-addon-markdown@2.0.0
18 verbose afterAdd /Users/gustavlindberg/.npm/storybook-addon-markdown/2.0.0/package/package.json not in flight; writing
19 verbose correctMkdir /Users/gustavlindberg/.npm correctMkdir not in flight; initializing
20 verbose afterAdd /Users/gustavlindberg/.npm/storybook-addon-markdown/2.0.0/package/package.json written
21 silly publish { name: 'storybook-addon-markdown',
21 silly publish   version: '2.0.0',
21 silly publish   description: 'A Storybook addon to display a markdown file in a panel.',
21 silly publish   repository:
21 silly publish    { type: 'git',
21 silly publish      url: 'git+https://github.com/mihalik/storybook-addon-markdown.git' },
21 silly publish   license: 'MIT',
21 silly publish   scripts:
21 silly publish    { build: './scripts/prepublish.sh',
21 silly publish      lint: 'eslint src',
21 silly publish      lintfix: 'eslint src --fix',
21 silly publish      storybook: 'start-storybook -p 9010' },
21 silly publish   devDependencies:
21 silly publish    { '@storybook/react': '^3.2.13',
21 silly publish      'babel-cli': '^6.5.0',
21 silly publish      'babel-core': '^6.5.0',
21 silly publish      'babel-eslint': '^7.0.0',
21 silly publish      'babel-plugin-transform-runtime': '^6.5.0',
21 silly publish      'babel-polyfill': '^6.5.0',
21 silly publish      'babel-preset-es2015': '^6.5.0',
21 silly publish      'babel-preset-react': '^6.5.0',
21 silly publish      'babel-preset-stage-2': '^6.5.0',
21 silly publish      'raw-loader': '^0.5.1',
21 silly publish      react: '^15.3.2',
21 silly publish      'react-dom': '^0.14.7 || ^15.0.0' },
21 silly publish   peerDependencies: { react: '^0.14.7 || ^15.0.0' },
21 silly publish   dependencies:
21 silly publish    { 'babel-runtime': '^6.5.0',
21 silly publish      'github-markdown-css': '^2.4.1',
21 silly publish      marked: '^0.3.6' },
21 silly publish   main: 'dist/index.js',
21 silly publish   engines: { npm: '^3.0.0' },
21 silly publish   readme: '**NOTE: This module is under active development**\n\n# Storybook Markdown Addon\n\nA React Storybook addon to show documentation in markdown format.\n\n![](https://cldup.com/BqlCR8pOBG.png)\n\n## Usage\n\nInstall the following module:\n**NOTE: This module will move to NPM once API has stabilized**\n\n```sh\nnpm i -D mihalik/storybook-addon-markdown\n```\n\nCreate an `addons.js` file within your storybook config directory:\n\n```js\nimport \'@storybook/addons\';\nimport \'storybook-addon-markdown/register\';\n\n```\n\nThen add a decorator to your stories.\n\n```js\nconst details = `\n# The button component\n\n### features\n* One\n* Two\n* Three\n`;\n\nstoriesOf(\'ButtonSimple\')\n  .addDecorator(markdownDecorator(details))\n  .add(\n    \'simple usage\',\n    () => <ButtonSimple label="The Button" onClick={action(\'onClick\')} />,\n  );\n```\n\n**Want to change the markdown per component?**\n\nAdd the following in `config.js` before the `configure()` call.\n\n```js\nimport {addWithMarkdown} from \'storybook-addon-markdown\';\n\nsetAddon({addWithMarkdown: addWithMarkdown});\n```\n\nThen you can write stories like this:\n\n```js\nstoriesOf(\'Button Different\')\n  .addWithMarkdown(\n    \'first markdown\',\n    \'# First component\\n\\nThis is markdown\',\n    () => <Button label="The Button" onClick={action(\'onClick\')} />,\n  )\n  .addWithMarkdown(\n    \'second markdown\',\n    \'# Second component\\n\\nThis is markdown\',\n    () => <Button label="The Button" onClick={action(\'onClick\')} />,\n  );\n```\n\n> Have a look at [the example stories](example/story.js) to see different usage options.\n',
21 silly publish   readmeFilename: 'README.md',
21 silly publish   gitHead: 'f099b26821030836e55bef1bdcc4d1ef6a3aeec7',
21 silly publish   bugs: { url: 'https://github.com/mihalik/storybook-addon-markdown/issues' },
21 silly publish   homepage: 'https://github.com/mihalik/storybook-addon-markdown#readme',
21 silly publish   _id: 'storybook-addon-markdown@2.0.0',
21 silly publish   _shasum: '6df98f5877cbef19de3f5d70057d761b158b73a9',
21 silly publish   _from: '.' }
22 verbose getPublishConfig undefined
23 silly mapToRegistry name storybook-addon-markdown
24 silly mapToRegistry using default registry
25 silly mapToRegistry registry https://registry.npmjs.com/
26 silly mapToRegistry data Result {
26 silly mapToRegistry   raw: 'storybook-addon-markdown',
26 silly mapToRegistry   scope: null,
26 silly mapToRegistry   escapedName: 'storybook-addon-markdown',
26 silly mapToRegistry   name: 'storybook-addon-markdown',
26 silly mapToRegistry   rawSpec: '',
26 silly mapToRegistry   spec: 'latest',
26 silly mapToRegistry   type: 'tag' }
27 silly mapToRegistry uri https://registry.npmjs.com/storybook-addon-markdown
28 verbose publish registryBase https://registry.npmjs.com/
29 silly publish uploading /Users/gustavlindberg/.npm/storybook-addon-markdown/2.0.0/package.tgz
30 verbose request uri https://registry.npmjs.com/storybook-addon-markdown
31 verbose request sending authorization for write operation
32 info attempt registry request try #1 at 4:03:06 PM
33 verbose request using bearer token for auth
34 verbose request id afe0d5d1dfcdf903
35 http request PUT https://registry.npmjs.com/storybook-addon-markdown
36 http 403 https://registry.npmjs.com/storybook-addon-markdown
37 verbose headers { 'content-type': 'application/json',
37 verbose headers   'cache-control': 'max-age=300',
37 verbose headers   'content-length': '104',
37 verbose headers   'accept-ranges': 'bytes',
37 verbose headers   date: 'Tue, 24 Oct 2017 14:03:08 GMT',
37 verbose headers   via: '1.1 varnish',
37 verbose headers   connection: 'keep-alive',
37 verbose headers   'x-served-by': 'cache-bma7022-BMA',
37 verbose headers   'x-cache': 'MISS',
37 verbose headers   'x-cache-hits': '0',
37 verbose headers   'x-timer': 'S1508853787.202681,VS0,VE1183',
37 verbose headers   vary: 'Accept-Encoding, Accept' }
38 verbose request invalidating /Users/gustavlindberg/.npm/registry.npmjs.com/storybook-addon-markdown on PUT
39 error publish Failed PUT 403
40 verbose stack Error: you must verify your email before publishing a new package: https://www.npmjs.com/email-edit : storybook-addon-markdown
40 verbose stack     at makeError (/Users/gustavlindberg/.nvm/versions/node/v6.9.1/lib/node_modules/npm/node_modules/npm-registry-client/lib/request.js:302:12)
40 verbose stack     at CachingRegistryClient.<anonymous> (/Users/gustavlindberg/.nvm/versions/node/v6.9.1/lib/node_modules/npm/node_modules/npm-registry-client/lib/request.js:290:14)
40 verbose stack     at Request._callback (/Users/gustavlindberg/.nvm/versions/node/v6.9.1/lib/node_modules/npm/node_modules/npm-registry-client/lib/request.js:210:14)
40 verbose stack     at Request.self.callback (/Users/gustavlindberg/.nvm/versions/node/v6.9.1/lib/node_modules/npm/node_modules/request/request.js:187:22)
40 verbose stack     at emitTwo (events.js:106:13)
40 verbose stack     at Request.emit (events.js:191:7)
40 verbose stack     at Request.<anonymous> (/Users/gustavlindberg/.nvm/versions/node/v6.9.1/lib/node_modules/npm/node_modules/request/request.js:1044:10)
40 verbose stack     at emitOne (events.js:96:13)
40 verbose stack     at Request.emit (events.js:188:7)
40 verbose stack     at IncomingMessage.<anonymous> (/Users/gustavlindberg/.nvm/versions/node/v6.9.1/lib/node_modules/npm/node_modules/request/request.js:965:12)
41 verbose statusCode 403
42 verbose pkgid storybook-addon-markdown
43 verbose cwd /Users/gustavlindberg/code/storybook-addon-markdown
44 error Darwin 16.6.0
45 error argv "/Users/gustavlindberg/.nvm/versions/node/v6.9.1/bin/node" "/Users/gustavlindberg/.nvm/versions/node/v6.9.1/bin/npm" "publish"
46 error node v6.9.1
47 error npm  v3.10.8
48 error code E403
49 error you must verify your email before publishing a new package: https://www.npmjs.com/email-edit : storybook-addon-markdown
50 error If you need help, you may report this error at:
50 error     <https://github.com/npm/npm/issues>
51 verbose exit [ 1, true ]
